<?xml version="1.0" encoding="UTF-8"?>
<testng-results skipped="0" failed="0" total="2" passed="2">
  <reporter-output>
  </reporter-output>
  <suite name="Grid Test " duration-ms="46086" started-at="2017-01-24T05:39:18Z" finished-at="2017-01-24T05:40:04Z">
    <groups>
    </groups>
    <test name="On Chrome" duration-ms="27817" started-at="2017-01-24T05:39:18Z" finished-at="2017-01-24T05:39:46Z">
      <class name="grid.GridEg">
        <test-method status="PASS" signature="test(java.lang.String)[pri:0, instance:grid.GridEg@38d00d24]" name="test" duration-ms="27736" started-at="2017-01-24T11:09:18Z" finished-at="2017-01-24T11:09:46Z">
          <params>
            <param index="0">
              <value>
                <![CDATA[chrome]]>
              </value>
            </param>
          </params>
          <reporter-output>
          </reporter-output>
        </test-method> <!-- test -->
      </class> <!-- grid.GridEg -->
    </test> <!-- On Chrome -->
    <test name="On Firefox" duration-ms="46086" started-at="2017-01-24T05:39:18Z" finished-at="2017-01-24T05:40:04Z">
      <class name="grid.GridEg">
        <test-method status="PASS" signature="test(java.lang.String)[pri:0, instance:grid.GridEg@1cf6e5e9]" name="test" duration-ms="46004" started-at="2017-01-24T11:09:18Z" finished-at="2017-01-24T11:10:04Z">
          <params>
            <param index="0">
              <value>
                <![CDATA[firefox]]>
              </value>
            </param>
          </params>
          <reporter-output>
          </reporter-output>
        </test-method> <!-- test -->
      </class> <!-- grid.GridEg -->
    </test> <!-- On Firefox -->
  </suite> <!-- Grid Test  -->
</testng-results>
